D:\Бот хлам\GHOSTONE GIT\BNCSUTIL\VC8_BUILD\RELEASE MYSQL\BNCSUTIL.DLL
D:\Бот хлам\GHOSTONE GIT\BNCSUTIL\VC8_BUILD\RELEASE MYSQL\BNCSUTIL.DLL.INTERMEDIATE.MANIFEST
D:\Бот хлам\GhostOne git\bncsutil\vc8_build\Release MySQL\BNCSutil.exp
D:\Бот хлам\GhostOne git\bncsutil\vc8_build\Release MySQL\BNCSutil.lib
D:\Бот хлам\GhostOne git\bncsutil\vc8_build\Release MySQL\BNCSutil.vcxprojResolveAssemblyReference.cache
D:\Бот хлам\GhostOne git\bncsutil\vc8_build\Release MySQL\BNCSutil.write.1.tlog
D:\Бот хлам\GhostOne git\bncsutil\vc8_build\Release MySQL\bsha1.obj
D:\Бот хлам\GhostOne git\bncsutil\vc8_build\Release MySQL\cdkeydecoder.obj
D:\Бот хлам\GHOSTONE GIT\BNCSUTIL\VC8_BUILD\RELEASE MYSQL\CHECKREVISION.OBJ
D:\Бот хлам\GhostOne git\bncsutil\vc8_build\Release MySQL\cl.command.1.tlog
D:\Бот хлам\GhostOne git\bncsutil\vc8_build\Release MySQL\CL.read.1.tlog
D:\Бот хлам\GhostOne git\bncsutil\vc8_build\Release MySQL\CL.write.1.tlog
D:\Бот хлам\GhostOne git\bncsutil\vc8_build\Release MySQL\decodekey.obj
D:\Бот хлам\GhostOne git\bncsutil\vc8_build\Release MySQL\file.obj
D:\Бот хлам\GhostOne git\bncsutil\vc8_build\Release MySQL\libinfo.obj
D:\Бот хлам\GhostOne git\bncsutil\vc8_build\Release MySQL\link.command.1.tlog
D:\Бот хлам\GhostOne git\bncsutil\vc8_build\Release MySQL\link.read.1.tlog
D:\Бот хлам\GhostOne git\bncsutil\vc8_build\Release MySQL\link.write.1.tlog
D:\Бот хлам\GhostOne git\bncsutil\vc8_build\Release MySQL\mt.command.1.tlog
D:\Бот хлам\GhostOne git\bncsutil\vc8_build\Release MySQL\mt.read.1.tlog
D:\Бот хлам\GhostOne git\bncsutil\vc8_build\Release MySQL\mt.write.1.tlog
D:\Бот хлам\GHOSTONE GIT\BNCSUTIL\VC8_BUILD\RELEASE MYSQL\NLS.OBJ
D:\Бот хлам\GhostOne git\bncsutil\vc8_build\Release MySQL\oldauth.obj
D:\Бот хлам\GHOSTONE GIT\BNCSUTIL\VC8_BUILD\RELEASE MYSQL\SHA1.OBJ
D:\Бот хлам\GHOSTONE GIT\BNCSUTIL\VC8_BUILD\RELEASE MYSQL\STACK.OBJ
D:\БОТ ХЛАМ\GHOSTONE GIT\BNCSUTIL\VC8_BUILD\RELEASE MYSQL\VC100.PDB
